<?xml version="1.0" encoding="UTF-8"?>
<!-- Generated by org.testng.reporters.JUnitReportReporter -->
<testsuite hostname="DESKTOP-7SAGJQP" failures="0" tests="1" name="simulacoes.SimulacoesGetTest" time="0.639" errors="0" timestamp="23 jul 2019 08:13:52 GMT" skipped="0">
  <testcase classname="simulacoes.SimulacoesGetTest" name="getSimulacoes" time="0.639"/>
</testsuite> <!-- simulacoes.SimulacoesGetTest -->
