<?xml version="1.0" encoding="UTF-8"?>
<!-- Generated by org.testng.reporters.JUnitReportReporter -->
<testsuite hostname="DESKTOP-7SAGJQP" failures="0" tests="1" name="simulacoes.SimulacaoApiHealthCheckTest" time="1.261" errors="0" timestamp="23 jul 2019 08:13:52 GMT" skipped="0">
  <testcase classname="simulacoes.SimulacaoApiHealthCheckTest" name="healthCheckSimulador" time="1.261"/>
</testsuite> <!-- simulacoes.SimulacaoApiHealthCheckTest -->
